g++ -std=gnu++11 -I"/usr/share/R/include" -DNDEBUG  -I"/usr/local/lib/R/site-library/Rcpp/include"   -fpic  -g -O2 -fdebug-prefix-map=/build/r-base-V28x5H/r-base-3.6.3=. -fstack-protector-strong -Wformat -Werror=format-security -Wdate-time -D_FORTIFY_SOURCE=2 -g  -c RcppExports.cpp -o RcppExports.o
g++ -std=gnu++11 -I"/usr/share/R/include" -DNDEBUG  -I"/usr/local/lib/R/site-library/Rcpp/include"   -fpic  -g -O2 -fdebug-prefix-map=/build/r-base-V28x5H/r-base-3.6.3=. -fstack-protector-strong -Wformat -Werror=format-security -Wdate-time -D_FORTIFY_SOURCE=2 -g  -c helper_functions.cpp -o helper_functions.o
g++ -std=gnu++11 -I"/usr/share/R/include" -DNDEBUG  -I"/usr/local/lib/R/site-library/Rcpp/include"   -fpic  -g -O2 -fdebug-prefix-map=/build/r-base-V28x5H/r-base-3.6.3=. -fstack-protector-strong -Wformat -Werror=format-security -Wdate-time -D_FORTIFY_SOURCE=2 -g  -c load_workbook.cpp -o load_workbook.o
gcc -std=gnu99 -I"/usr/share/R/include" -DNDEBUG  -I"/usr/local/lib/R/site-library/Rcpp/include"   -fpic  -g -O2 -fdebug-prefix-map=/build/r-base-V28x5H/r-base-3.6.3=. -fstack-protector-strong -Wformat -Werror=format-security -Wdate-time -D_FORTIFY_SOURCE=2 -g  -c openxlsx_init.c -o openxlsx_init.o
g++ -std=gnu++11 -I"/usr/share/R/include" -DNDEBUG  -I"/usr/local/lib/R/site-library/Rcpp/include"   -fpic  -g -O2 -fdebug-prefix-map=/build/r-base-V28x5H/r-base-3.6.3=. -fstack-protector-strong -Wformat -Werror=format-security -Wdate-time -D_FORTIFY_SOURCE=2 -g  -c read_workbook.cpp -o read_workbook.o
g++ -std=gnu++11 -I"/usr/share/R/include" -DNDEBUG  -I"/usr/local/lib/R/site-library/Rcpp/include"   -fpic  -g -O2 -fdebug-prefix-map=/build/r-base-V28x5H/r-base-3.6.3=. -fstack-protector-strong -Wformat -Werror=format-security -Wdate-time -D_FORTIFY_SOURCE=2 -g  -c write_data.cpp -o write_data.o
g++ -std=gnu++11 -I"/usr/share/R/include" -DNDEBUG  -I"/usr/local/lib/R/site-library/Rcpp/include"   -fpic  -g -O2 -fdebug-prefix-map=/build/r-base-V28x5H/r-base-3.6.3=. -fstack-protector-strong -Wformat -Werror=format-security -Wdate-time -D_FORTIFY_SOURCE=2 -g  -c write_file.cpp -o write_file.o
g++ -std=gnu++11 -I"/usr/share/R/include" -DNDEBUG  -I"/usr/local/lib/R/site-library/Rcpp/include"   -fpic  -g -O2 -fdebug-prefix-map=/build/r-base-V28x5H/r-base-3.6.3=. -fstack-protector-strong -Wformat -Werror=format-security -Wdate-time -D_FORTIFY_SOURCE=2 -g  -c write_file_2.cpp -o write_file_2.o
g++ -std=gnu++11 -shared -L/usr/lib/R/lib -Wl,-Bsymbolic-functions -Wl,-z,relro -o openxlsx.so RcppExports.o helper_functions.o load_workbook.o openxlsx_init.o read_workbook.o write_data.o write_file.o write_file_2.o -L/usr/lib/R/lib -lR
gfortran -fno-optimize-sibling-calls  -fpic  -g -O2 -fdebug-prefix-map=/build/r-base-V28x5H/r-base-3.6.3=. -fstack-protector-strong  -c chol.f -o chol.o
gcc -std=gnu99 -I"/usr/share/R/include" -DNDEBUG    -fvisibility=hidden -fpic  -g -O2 -fdebug-prefix-map=/build/r-base-V28x5H/r-base-3.6.3=. -fstack-protector-strong -Wformat -Werror=format-security -Wdate-time -D_FORTIFY_SOURCE=2 -g  -c corStruct.c -o corStruct.o
gcc -std=gnu99 -I"/usr/share/R/include" -DNDEBUG    -fvisibility=hidden -fpic  -g -O2 -fdebug-prefix-map=/build/r-base-V28x5H/r-base-3.6.3=. -fstack-protector-strong -Wformat -Werror=format-security -Wdate-time -D_FORTIFY_SOURCE=2 -g  -c gnls.c -o gnls.o
gcc -std=gnu99 -I"/usr/share/R/include" -DNDEBUG    -fvisibility=hidden -fpic  -g -O2 -fdebug-prefix-map=/build/r-base-V28x5H/r-base-3.6.3=. -fstack-protector-strong -Wformat -Werror=format-security -Wdate-time -D_FORTIFY_SOURCE=2 -g  -c init.c -o init.o
gcc -std=gnu99 -I"/usr/share/R/include" -DNDEBUG    -fvisibility=hidden -fpic  -g -O2 -fdebug-prefix-map=/build/r-base-V28x5H/r-base-3.6.3=. -fstack-protector-strong -Wformat -Werror=format-security -Wdate-time -D_FORTIFY_SOURCE=2 -g  -c matrix.c -o matrix.o
gcc -std=gnu99 -I"/usr/share/R/include" -DNDEBUG    -fvisibility=hidden -fpic  -g -O2 -fdebug-prefix-map=/build/r-base-V28x5H/r-base-3.6.3=. -fstack-protector-strong -Wformat -Werror=format-security -Wdate-time -D_FORTIFY_SOURCE=2 -g  -c nlOptimizer.c -o nlOptimizer.o
gcc -std=gnu99 -I"/usr/share/R/include" -DNDEBUG    -fvisibility=hidden -fpic  -g -O2 -fdebug-prefix-map=/build/r-base-V28x5H/r-base-3.6.3=. -fstack-protector-strong -Wformat -Werror=format-security -Wdate-time -D_FORTIFY_SOURCE=2 -g  -c nlme.c -o nlme.o
gcc -std=gnu99 -I"/usr/share/R/include" -DNDEBUG    -fvisibility=hidden -fpic  -g -O2 -fdebug-prefix-map=/build/r-base-V28x5H/r-base-3.6.3=. -fstack-protector-strong -Wformat -Werror=format-security -Wdate-time -D_FORTIFY_SOURCE=2 -g  -c nlmefit.c -o nlmefit.o
gcc -std=gnu99 -I"/usr/share/R/include" -DNDEBUG    -fvisibility=hidden -fpic  -g -O2 -fdebug-prefix-map=/build/r-base-V28x5H/r-base-3.6.3=. -fstack-protector-strong -Wformat -Werror=format-security -Wdate-time -D_FORTIFY_SOURCE=2 -g  -c pdMat.c -o pdMat.o
gcc -std=gnu99 -I"/usr/share/R/include" -DNDEBUG    -fvisibility=hidden -fpic  -g -O2 -fdebug-prefix-map=/build/r-base-V28x5H/r-base-3.6.3=. -fstack-protector-strong -Wformat -Werror=format-security -Wdate-time -D_FORTIFY_SOURCE=2 -g  -c pythag.c -o pythag.o
gfortran -fno-optimize-sibling-calls  -fpic  -g -O2 -fdebug-prefix-map=/build/r-base-V28x5H/r-base-3.6.3=. -fstack-protector-strong  -c rs.f -o rs.o
gcc -std=gnu99 -shared -L/usr/lib/R/lib -Wl,-Bsymbolic-functions -Wl,-z,relro -o nlme.so chol.o corStruct.o gnls.o init.o matrix.o nlOptimizer.o nlme.o nlmefit.o pdMat.o pythag.o rs.o -lgfortran -lm -lquadmath -L/usr/lib/R/lib -lR
gcc -std=gnu99 -I"/usr/share/R/include" -DNDEBUG     -fpic  -g -O2 -fdebug-prefix-map=/build/r-base-V28x5H/r-base-3.6.3=. -fstack-protector-strong -Wformat -Werror=format-security -Wdate-time -D_FORTIFY_SOURCE=2 -g  -c agexact.c -o agexact.o
gcc -std=gnu99 -I"/usr/share/R/include" -DNDEBUG     -fpic  -g -O2 -fdebug-prefix-map=/build/r-base-V28x5H/r-base-3.6.3=. -fstack-protector-strong -Wformat -Werror=format-security -Wdate-time -D_FORTIFY_SOURCE=2 -g  -c agfit4.c -o agfit4.o
gcc -std=gnu99 -I"/usr/share/R/include" -DNDEBUG     -fpic  -g -O2 -fdebug-prefix-map=/build/r-base-V28x5H/r-base-3.6.3=. -fstack-protector-strong -Wformat -Werror=format-security -Wdate-time -D_FORTIFY_SOURCE=2 -g  -c agfit5.c -o agfit5.o
gcc -std=gnu99 -I"/usr/share/R/include" -DNDEBUG     -fpic  -g -O2 -fdebug-prefix-map=/build/r-base-V28x5H/r-base-3.6.3=. -fstack-protector-strong -Wformat -Werror=format-security -Wdate-time -D_FORTIFY_SOURCE=2 -g  -c agmart.c -o agmart.o
gcc -std=gnu99 -I"/usr/share/R/include" -DNDEBUG     -fpic  -g -O2 -fdebug-prefix-map=/build/r-base-V28x5H/r-base-3.6.3=. -fstack-protector-strong -Wformat -Werror=format-security -Wdate-time -D_FORTIFY_SOURCE=2 -g  -c agmart3.c -o agmart3.o
gcc -std=gnu99 -I"/usr/share/R/include" -DNDEBUG     -fpic  -g -O2 -fdebug-prefix-map=/build/r-base-V28x5H/r-base-3.6.3=. -fstack-protector-strong -Wformat -Werror=format-security -Wdate-time -D_FORTIFY_SOURCE=2 -g  -c agscore2.c -o agscore2.o
gcc -std=gnu99 -I"/usr/share/R/include" -DNDEBUG     -fpic  -g -O2 -fdebug-prefix-map=/build/r-base-V28x5H/r-base-3.6.3=. -fstack-protector-strong -Wformat -Werror=format-security -Wdate-time -D_FORTIFY_SOURCE=2 -g  -c agsurv3.c -o agsurv3.o
gcc -std=gnu99 -I"/usr/share/R/include" -DNDEBUG     -fpic  -g -O2 -fdebug-prefix-map=/build/r-base-V28x5H/r-base-3.6.3=. -fstack-protector-strong -Wformat -Werror=format-security -Wdate-time -D_FORTIFY_SOURCE=2 -g  -c agsurv4.c -o agsurv4.o
gcc -std=gnu99 -I"/usr/share/R/include" -DNDEBUG     -fpic  -g -O2 -fdebug-prefix-map=/build/r-base-V28x5H/r-base-3.6.3=. -fstack-protector-strong -Wformat -Werror=format-security -Wdate-time -D_FORTIFY_SOURCE=2 -g  -c agsurv5.c -o agsurv5.o
gcc -std=gnu99 -I"/usr/share/R/include" -DNDEBUG     -fpic  -g -O2 -fdebug-prefix-map=/build/r-base-V28x5H/r-base-3.6.3=. -fstack-protector-strong -Wformat -Werror=format-security -Wdate-time -D_FORTIFY_SOURCE=2 -g  -c chinv2.c -o chinv2.o
gcc -std=gnu99 -I"/usr/share/R/include" -DNDEBUG     -fpic  -g -O2 -fdebug-prefix-map=/build/r-base-V28x5H/r-base-3.6.3=. -fstack-protector-strong -Wformat -Werror=format-security -Wdate-time -D_FORTIFY_SOURCE=2 -g  -c chinv3.c -o chinv3.o
gcc -std=gnu99 -I"/usr/share/R/include" -DNDEBUG     -fpic  -g -O2 -fdebug-prefix-map=/build/r-base-V28x5H/r-base-3.6.3=. -fstack-protector-strong -Wformat -Werror=format-security -Wdate-time -D_FORTIFY_SOURCE=2 -g  -c cholesky2.c -o cholesky2.o
gcc -std=gnu99 -I"/usr/share/R/include" -DNDEBUG     -fpic  -g -O2 -fdebug-prefix-map=/build/r-base-V28x5H/r-base-3.6.3=. -fstack-protector-strong -Wformat -Werror=format-security -Wdate-time -D_FORTIFY_SOURCE=2 -g  -c cholesky3.c -o cholesky3.o
gcc -std=gnu99 -I"/usr/share/R/include" -DNDEBUG     -fpic  -g -O2 -fdebug-prefix-map=/build/r-base-V28x5H/r-base-3.6.3=. -fstack-protector-strong -Wformat -Werror=format-security -Wdate-time -D_FORTIFY_SOURCE=2 -g  -c cholesky5.c -o cholesky5.o
gcc -std=gnu99 -I"/usr/share/R/include" -DNDEBUG     -fpic  -g -O2 -fdebug-prefix-map=/build/r-base-V28x5H/r-base-3.6.3=. -fstack-protector-strong -Wformat -Werror=format-security -Wdate-time -D_FORTIFY_SOURCE=2 -g  -c chsolve2.c -o chsolve2.o
gcc -std=gnu99 -I"/usr/share/R/include" -DNDEBUG     -fpic  -g -O2 -fdebug-prefix-map=/build/r-base-V28x5H/r-base-3.6.3=. -fstack-protector-strong -Wformat -Werror=format-security -Wdate-time -D_FORTIFY_SOURCE=2 -g  -c chsolve3.c -o chsolve3.o
gcc -std=gnu99 -I"/usr/share/R/include" -DNDEBUG     -fpic  -g -O2 -fdebug-prefix-map=/build/r-base-V28x5H/r-base-3.6.3=. -fstack-protector-strong -Wformat -Werror=format-security -Wdate-time -D_FORTIFY_SOURCE=2 -g  -c chsolve5.c -o chsolve5.o
gcc -std=gnu99 -I"/usr/share/R/include" -DNDEBUG     -fpic  -g -O2 -fdebug-prefix-map=/build/r-base-V28x5H/r-base-3.6.3=. -fstack-protector-strong -Wformat -Werror=format-security -Wdate-time -D_FORTIFY_SOURCE=2 -g  -c concordance1.c -o concordance1.o
gcc -std=gnu99 -I"/usr/share/R/include" -DNDEBUG     -fpic  -g -O2 -fdebug-prefix-map=/build/r-base-V28x5H/r-base-3.6.3=. -fstack-protector-strong -Wformat -Werror=format-security -Wdate-time -D_FORTIFY_SOURCE=2 -g  -c concordance3.c -o concordance3.o
gcc -std=gnu99 -I"/usr/share/R/include" -DNDEBUG     -fpic  -g -O2 -fdebug-prefix-map=/build/r-base-V28x5H/r-base-3.6.3=. -fstack-protector-strong -Wformat -Werror=format-security -Wdate-time -D_FORTIFY_SOURCE=2 -g  -c cox_Rcallback.c -o cox_Rcallback.o
gcc -std=gnu99 -I"/usr/share/R/include" -DNDEBUG     -fpic  -g -O2 -fdebug-prefix-map=/build/r-base-V28x5H/r-base-3.6.3=. -fstack-protector-strong -Wformat -Werror=format-security -Wdate-time -D_FORTIFY_SOURCE=2 -g  -c coxcount1.c -o coxcount1.o
gcc -std=gnu99 -I"/usr/share/R/include" -DNDEBUG     -fpic  -g -O2 -fdebug-prefix-map=/build/r-base-V28x5H/r-base-3.6.3=. -fstack-protector-strong -Wformat -Werror=format-security -Wdate-time -D_FORTIFY_SOURCE=2 -g  -c coxdetail.c -o coxdetail.o
gcc -std=gnu99 -I"/usr/share/R/include" -DNDEBUG     -fpic  -g -O2 -fdebug-prefix-map=/build/r-base-V28x5H/r-base-3.6.3=. -fstack-protector-strong -Wformat -Werror=format-security -Wdate-time -D_FORTIFY_SOURCE=2 -g  -c coxexact.c -o coxexact.o
gcc -std=gnu99 -I"/usr/share/R/include" -DNDEBUG     -fpic  -g -O2 -fdebug-prefix-map=/build/r-base-V28x5H/r-base-3.6.3=. -fstack-protector-strong -Wformat -Werror=format-security -Wdate-time -D_FORTIFY_SOURCE=2 -g  -c coxfit5.c -o coxfit5.o
gcc -std=gnu99 -I"/usr/share/R/include" -DNDEBUG     -fpic  -g -O2 -fdebug-prefix-map=/build/r-base-V28x5H/r-base-3.6.3=. -fstack-protector-strong -Wformat -Werror=format-security -Wdate-time -D_FORTIFY_SOURCE=2 -g  -c coxfit6.c -o coxfit6.o
gcc -std=gnu99 -I"/usr/share/R/include" -DNDEBUG     -fpic  -g -O2 -fdebug-prefix-map=/build/r-base-V28x5H/r-base-3.6.3=. -fstack-protector-strong -Wformat -Werror=format-security -Wdate-time -D_FORTIFY_SOURCE=2 -g  -c coxmart.c -o coxmart.o
gcc -std=gnu99 -I"/usr/share/R/include" -DNDEBUG     -fpic  -g -O2 -fdebug-prefix-map=/build/r-base-V28x5H/r-base-3.6.3=. -fstack-protector-strong -Wformat -Werror=format-security -Wdate-time -D_FORTIFY_SOURCE=2 -g  -c coxmart2.c -o coxmart2.o
gcc -std=gnu99 -I"/usr/share/R/include" -DNDEBUG     -fpic  -g -O2 -fdebug-prefix-map=/build/r-base-V28x5H/r-base-3.6.3=. -fstack-protector-strong -Wformat -Werror=format-security -Wdate-time -D_FORTIFY_SOURCE=2 -g  -c coxph_wtest.c -o coxph_wtest.o
gcc -std=gnu99 -I"/usr/share/R/include" -DNDEBUG     -fpic  -g -O2 -fdebug-prefix-map=/build/r-base-V28x5H/r-base-3.6.3=. -fstack-protector-strong -Wformat -Werror=format-security -Wdate-time -D_FORTIFY_SOURCE=2 -g  -c coxsafe.c -o coxsafe.o
gcc -std=gnu99 -I"/usr/share/R/include" -DNDEBUG     -fpic  -g -O2 -fdebug-prefix-map=/build/r-base-V28x5H/r-base-3.6.3=. -fstack-protector-strong -Wformat -Werror=format-security -Wdate-time -D_FORTIFY_SOURCE=2 -g  -c coxscho.c -o coxscho.o
gcc -std=gnu99 -I"/usr/share/R/include" -DNDEBUG     -fpic  -g -O2 -fdebug-prefix-map=/build/r-base-V28x5H/r-base-3.6.3=. -fstack-protector-strong -Wformat -Werror=format-security -Wdate-time -D_FORTIFY_SOURCE=2 -g  -c coxscore2.c -o coxscore2.o
gcc -std=gnu99 -I"/usr/share/R/include" -DNDEBUG     -fpic  -g -O2 -fdebug-prefix-map=/build/r-base-V28x5H/r-base-3.6.3=. -fstack-protector-strong -Wformat -Werror=format-security -Wdate-time -D_FORTIFY_SOURCE=2 -g  -c coxsurv1.c -o coxsurv1.o
gcc -std=gnu99 -I"/usr/share/R/include" -DNDEBUG     -fpic  -g -O2 -fdebug-prefix-map=/build/r-base-V28x5H/r-base-3.6.3=. -fstack-protector-strong -Wformat -Werror=format-security -Wdate-time -D_FORTIFY_SOURCE=2 -g  -c coxsurv2.c -o coxsurv2.o
gcc -std=gnu99 -I"/usr/share/R/include" -DNDEBUG     -fpic  -g -O2 -fdebug-prefix-map=/build/r-base-V28x5H/r-base-3.6.3=. -fstack-protector-strong -Wformat -Werror=format-security -Wdate-time -D_FORTIFY_SOURCE=2 -g  -c dmatrix.c -o dmatrix.o
gcc -std=gnu99 -I"/usr/share/R/include" -DNDEBUG     -fpic  -g -O2 -fdebug-prefix-map=/build/r-base-V28x5H/r-base-3.6.3=. -fstack-protector-strong -Wformat -Werror=format-security -Wdate-time -D_FORTIFY_SOURCE=2 -g  -c doloop.c -o doloop.o
gcc -std=gnu99 -I"/usr/share/R/include" -DNDEBUG     -fpic  -g -O2 -fdebug-prefix-map=/build/r-base-V28x5H/r-base-3.6.3=. -fstack-protector-strong -Wformat -Werror=format-security -Wdate-time -D_FORTIFY_SOURCE=2 -g  -c finegray.c -o finegray.o
gcc -std=gnu99 -I"/usr/share/R/include" -DNDEBUG     -fpic  -g -O2 -fdebug-prefix-map=/build/r-base-V28x5H/r-base-3.6.3=. -fstack-protector-strong -Wformat -Werror=format-security -Wdate-time -D_FORTIFY_SOURCE=2 -g  -c gchol.c -o gchol.o
gcc -std=gnu99 -I"/usr/share/R/include" -DNDEBUG     -fpic  -g -O2 -fdebug-prefix-map=/build/r-base-V28x5H/r-base-3.6.3=. -fstack-protector-strong -Wformat -Werror=format-security -Wdate-time -D_FORTIFY_SOURCE=2 -g  -c init.c -o init.o
gcc -std=gnu99 -I"/usr/share/R/include" -DNDEBUG     -fpic  -g -O2 -fdebug-prefix-map=/build/r-base-V28x5H/r-base-3.6.3=. -fstack-protector-strong -Wformat -Werror=format-security -Wdate-time -D_FORTIFY_SOURCE=2 -g  -c multicheck.c -o multicheck.o
gcc -std=gnu99 -I"/usr/share/R/include" -DNDEBUG     -fpic  -g -O2 -fdebug-prefix-map=/build/r-base-V28x5H/r-base-3.6.3=. -fstack-protector-strong -Wformat -Werror=format-security -Wdate-time -D_FORTIFY_SOURCE=2 -g  -c norisk.c -o norisk.o
gcc -std=gnu99 -I"/usr/share/R/include" -DNDEBUG     -fpic  -g -O2 -fdebug-prefix-map=/build/r-base-V28x5H/r-base-3.6.3=. -fstack-protector-strong -Wformat -Werror=format-security -Wdate-time -D_FORTIFY_SOURCE=2 -g  -c pyears1.c -o pyears1.o
gcc -std=gnu99 -I"/usr/share/R/include" -DNDEBUG     -fpic  -g -O2 -fdebug-prefix-map=/build/r-base-V28x5H/r-base-3.6.3=. -fstack-protector-strong -Wformat -Werror=format-security -Wdate-time -D_FORTIFY_SOURCE=2 -g  -c pyears2.c -o pyears2.o
gcc -std=gnu99 -I"/usr/share/R/include" -DNDEBUG     -fpic  -g -O2 -fdebug-prefix-map=/build/r-base-V28x5H/r-base-3.6.3=. -fstack-protector-strong -Wformat -Werror=format-security -Wdate-time -D_FORTIFY_SOURCE=2 -g  -c pyears3b.c -o pyears3b.o
gcc -std=gnu99 -I"/usr/share/R/include" -DNDEBUG     -fpic  -g -O2 -fdebug-prefix-map=/build/r-base-V28x5H/r-base-3.6.3=. -fstack-protector-strong -Wformat -Werror=format-security -Wdate-time -D_FORTIFY_SOURCE=2 -g  -c pystep.c -o pystep.o
gcc -std=gnu99 -I"/usr/share/R/include" -DNDEBUG     -fpic  -g -O2 -fdebug-prefix-map=/build/r-base-V28x5H/r-base-3.6.3=. -fstack-protector-strong -Wformat -Werror=format-security -Wdate-time -D_FORTIFY_SOURCE=2 -g  -c survConcordance.c -o survConcordance.o
gcc -std=gnu99 -I"/usr/share/R/include" -DNDEBUG     -fpic  -g -O2 -fdebug-prefix-map=/build/r-base-V28x5H/r-base-3.6.3=. -fstack-protector-strong -Wformat -Werror=format-security -Wdate-time -D_FORTIFY_SOURCE=2 -g  -c survdiff2.c -o survdiff2.o
gcc -std=gnu99 -I"/usr/share/R/include" -DNDEBUG     -fpic  -g -O2 -fdebug-prefix-map=/build/r-base-V28x5H/r-base-3.6.3=. -fstack-protector-strong -Wformat -Werror=format-security -Wdate-time -D_FORTIFY_SOURCE=2 -g  -c survfit4.c -o survfit4.o
gcc -std=gnu99 -I"/usr/share/R/include" -DNDEBUG     -fpic  -g -O2 -fdebug-prefix-map=/build/r-base-V28x5H/r-base-3.6.3=. -fstack-protector-strong -Wformat -Werror=format-security -Wdate-time -D_FORTIFY_SOURCE=2 -g  -c survfitci.c -o survfitci.o
gcc -std=gnu99 -I"/usr/share/R/include" -DNDEBUG     -fpic  -g -O2 -fdebug-prefix-map=/build/r-base-V28x5H/r-base-3.6.3=. -fstack-protector-strong -Wformat -Werror=format-security -Wdate-time -D_FORTIFY_SOURCE=2 -g  -c survfitkm.c -o survfitkm.o
gcc -std=gnu99 -I"/usr/share/R/include" -DNDEBUG     -fpic  -g -O2 -fdebug-prefix-map=/build/r-base-V28x5H/r-base-3.6.3=. -fstack-protector-strong -Wformat -Werror=format-security -Wdate-time -D_FORTIFY_SOURCE=2 -g  -c survpenal.c -o survpenal.o
gcc -std=gnu99 -I"/usr/share/R/include" -DNDEBUG     -fpic  -g -O2 -fdebug-prefix-map=/build/r-base-V28x5H/r-base-3.6.3=. -fstack-protector-strong -Wformat -Werror=format-security -Wdate-time -D_FORTIFY_SOURCE=2 -g  -c survreg6.c -o survreg6.o
gcc -std=gnu99 -I"/usr/share/R/include" -DNDEBUG     -fpic  -g -O2 -fdebug-prefix-map=/build/r-base-V28x5H/r-base-3.6.3=. -fstack-protector-strong -Wformat -Werror=format-security -Wdate-time -D_FORTIFY_SOURCE=2 -g  -c survreg7.c -o survreg7.o
gcc -std=gnu99 -I"/usr/share/R/include" -DNDEBUG     -fpic  -g -O2 -fdebug-prefix-map=/build/r-base-V28x5H/r-base-3.6.3=. -fstack-protector-strong -Wformat -Werror=format-security -Wdate-time -D_FORTIFY_SOURCE=2 -g  -c survregc1.c -o survregc1.o
gcc -std=gnu99 -I"/usr/share/R/include" -DNDEBUG     -fpic  -g -O2 -fdebug-prefix-map=/build/r-base-V28x5H/r-base-3.6.3=. -fstack-protector-strong -Wformat -Werror=format-security -Wdate-time -D_FORTIFY_SOURCE=2 -g  -c survregc2.c -o survregc2.o
gcc -std=gnu99 -I"/usr/share/R/include" -DNDEBUG     -fpic  -g -O2 -fdebug-prefix-map=/build/r-base-V28x5H/r-base-3.6.3=. -fstack-protector-strong -Wformat -Werror=format-security -Wdate-time -D_FORTIFY_SOURCE=2 -g  -c survsplit.c -o survsplit.o
gcc -std=gnu99 -I"/usr/share/R/include" -DNDEBUG     -fpic  -g -O2 -fdebug-prefix-map=/build/r-base-V28x5H/r-base-3.6.3=. -fstack-protector-strong -Wformat -Werror=format-security -Wdate-time -D_FORTIFY_SOURCE=2 -g  -c tmerge.c -o tmerge.o
gcc -std=gnu99 -I"/usr/share/R/include" -DNDEBUG     -fpic  -g -O2 -fdebug-prefix-map=/build/r-base-V28x5H/r-base-3.6.3=. -fstack-protector-strong -Wformat -Werror=format-security -Wdate-time -D_FORTIFY_SOURCE=2 -g  -c zph1.c -o zph1.o
gcc -std=gnu99 -I"/usr/share/R/include" -DNDEBUG     -fpic  -g -O2 -fdebug-prefix-map=/build/r-base-V28x5H/r-base-3.6.3=. -fstack-protector-strong -Wformat -Werror=format-security -Wdate-time -D_FORTIFY_SOURCE=2 -g  -c zph2.c -o zph2.o
gcc -std=gnu99 -shared -L/usr/lib/R/lib -Wl,-Bsymbolic-functions -Wl,-z,relro -o survival.so agexact.o agfit4.o agfit5.o agmart.o agmart3.o agscore2.o agsurv3.o agsurv4.o agsurv5.o chinv2.o chinv3.o cholesky2.o cholesky3.o cholesky5.o chsolve2.o chsolve3.o chsolve5.o concordance1.o concordance3.o cox_Rcallback.o coxcount1.o coxdetail.o coxexact.o coxfit5.o coxfit6.o coxmart.o coxmart2.o coxph_wtest.o coxsafe.o coxscho.o coxscore2.o coxsurv1.o coxsurv2.o dmatrix.o doloop.o finegray.o gchol.o init.o multicheck.o norisk.o pyears1.o pyears2.o pyears3b.o pystep.o survConcordance.o survdiff2.o survfit4.o survfitci.o survfitkm.o survpenal.o survreg6.o survreg7.o survregc1.o survregc2.o survsplit.o tmerge.o zph1.o zph2.o -L/usr/lib/R/lib -lR
Using PKG_CFLAGS=
Using PKG_LIBS=-lmysqlclient
-----------------------------[ ANTICONF ]-----------------------------
Configure could not find suitable mysql/mariadb client library. Try installing:
 * deb: libmariadbclient-dev | libmariadb-client-lgpl-dev (Debian, Ubuntu)
 * rpm: mariadb-connector-c-devel | mariadb-devel | mysql-devel (Fedora, CentOS, RHEL)
 * csw: mysql56_dev (Solaris)
 * brew: mariadb-connector-c (OSX)
If you already have a mysql client library installed, verify that either
mariadb_config or mysql_config is on your PATH. If these are unavailable
you can also set INCLUDE_DIR and LIB_DIR manually via:
R CMD INSTALL --configure-vars='INCLUDE_DIR=... LIB_DIR=...'
--------------------------[ ERROR MESSAGE ]----------------------------
<stdin>:1:10: fatal error: mysql.h: No such file or directory
compilation terminated.
-----------------------------------------------------------------------
Using PKG_CFLAGS=-I/usr/include/v8 -I/usr/include/v8-3.14
Using PKG_LIBS=-lv8 -lv8_libplatform
-----------------------------[ ANTICONF ]-------------------------------
Configuration failed to find the libv8 engine library. Try installing:
 * deb: libv8-dev or libnode-dev (Debian / Ubuntu)
 * rpm: v8-devel (Fedora, EPEL)
 * brew: v8 (OSX)
 * csw: libv8_dev (Solaris)
To use a custom libv8, set INCLUDE_DIR and LIB_DIR manually via:
R CMD INSTALL --configure-vars='INCLUDE_DIR=... LIB_DIR=...'
---------------------------[ ERROR MESSAGE ]----------------------------
<stdin>:1:10: fatal error: v8.h: No such file or directory
compilation terminated.
------------------------------------------------------------------------
gcc -std=gnu99 -I"/usr/share/R/include" -DNDEBUG     -fpic  -g -O2 -fdebug-prefix-map=/build/r-base-V28x5H/r-base-3.6.3=. -fstack-protector-strong -Wformat -Werror=format-security -Wdate-time -D_FORTIFY_SOURCE=2 -g  -c partykit-init.c -o partykit-init.o
gcc -std=gnu99 -I"/usr/share/R/include" -DNDEBUG     -fpic  -g -O2 -fdebug-prefix-map=/build/r-base-V28x5H/r-base-3.6.3=. -fstack-protector-strong -Wformat -Werror=format-security -Wdate-time -D_FORTIFY_SOURCE=2 -g  -c rfweights.c -o rfweights.o
gcc -std=gnu99 -shared -L/usr/lib/R/lib -Wl,-Bsymbolic-functions -Wl,-z,relro -o partykit.so partykit-init.o rfweights.o -L/usr/lib/R/lib -lR
